2015-11-02 18:01:48 - PHP Warning:  Invalid argument supplied for foreach() in /var/www/html/store/admin/controller/module/featured.php on line 124
2015-11-02 20:26:40 - PHP Notice:  Undefined index: sort_order in /var/www/html/store/admin/model/design/banner.php on line 12
2015-11-02 20:26:40 - PHP Notice:  Undefined index: sort_order in /var/www/html/store/admin/model/design/banner.php on line 12
2015-11-02 20:26:40 - PHP Notice:  Undefined index: sort_order in /var/www/html/store/admin/model/design/banner.php on line 12
2015-11-02 21:26:54 - PHP Notice:  Undefined index: sort_order in /var/www/html/store/admin/model/design/banner.php on line 12
2015-11-02 22:03:50 - PHP Notice:  Undefined index: sort_order in /var/www/html/store/admin/model/design/banner.php on line 12
2015-11-02 22:28:58 - PHP Notice:  Undefined index: sort_order in /var/www/html/store/admin/model/design/banner.php on line 12
2015-11-03 0:47:18 - PHP Notice:  Undefined index: sort_order in /var/www/html/store/admin/model/design/banner.php on line 37
2015-11-03 18:43:53 - PHP Notice:  Undefined index: sort_order in /var/www/html/store/admin/model/design/banner.php on line 12
2015-11-03 18:43:53 - PHP Notice:  Undefined index: sort_order in /var/www/html/store/admin/model/design/banner.php on line 12
2015-11-03 18:43:53 - PHP Notice:  Undefined index: sort_order in /var/www/html/store/admin/model/design/banner.php on line 12
2015-11-03 18:43:53 - PHP Notice:  Undefined index: sort_order in /var/www/html/store/admin/model/design/banner.php on line 12
2015-11-28 19:30:04 - PHP Notice:  Undefined variable: option_value in /var/www/html/store/catalog/view/theme/OPC080176/template/product/product.tpl on line 118
2015-12-15 0:04:16 - PHP Notice:  Undefined offset: 26 in /var/www/html/store/catalog/view/theme/OPC080176/template/common/header.tpl on line 213
2015-12-15 0:04:24 - PHP Notice:  Undefined offset: 26 in /var/www/html/store/catalog/view/theme/OPC080176/template/common/header.tpl on line 213
2015-12-15 0:06:01 - PHP Notice:  Undefined offset: 26 in /var/www/html/store/catalog/view/theme/OPC080176/template/common/header.tpl on line 213
2015-12-15 0:06:01 - PHP Notice:  Undefined offset: 26 in /var/www/html/store/catalog/view/theme/OPC080176/template/common/header.tpl on line 213
2015-12-15 0:27:56 - PHP Notice:  Undefined offset: 26 in /var/www/html/store/catalog/view/theme/OPC080176/template/common/header.tpl on line 215
2015-12-15 0:29:38 - PHP Notice:  Undefined offset: 26 in /var/www/html/store/catalog/view/theme/OPC080176/template/common/header.tpl on line 215
2015-12-15 0:36:02 - PHP Notice:  Undefined offset: 26 in /var/www/html/store/catalog/view/theme/OPC080176/template/common/header.tpl on line 215
2015-12-15 0:36:02 - PHP Notice:  Use of undefined constant categories - assumed 'categories' in /var/www/html/store/catalog/view/theme/OPC080176/template/common/header.tpl on line 253
2015-12-15 0:36:19 - PHP Notice:  Undefined offset: 26 in /var/www/html/store/catalog/view/theme/OPC080176/template/common/header.tpl on line 215
2015-12-15 1:01:58 - PHP Notice:  Undefined variable: children in /var/www/html/store/catalog/view/theme/OPC080176/template/common/header.tpl on line 178
2015-12-15 1:01:58 - PHP Notice:  Undefined variable: children in /var/www/html/store/catalog/view/theme/OPC080176/template/common/header.tpl on line 179
2015-12-15 1:01:58 - PHP Notice:  Undefined variable: children in /var/www/html/store/catalog/view/theme/OPC080176/template/common/header.tpl on line 178
2015-12-15 1:01:58 - PHP Notice:  Undefined variable: children in /var/www/html/store/catalog/view/theme/OPC080176/template/common/header.tpl on line 179
2015-12-15 1:01:58 - PHP Notice:  Undefined variable: children in /var/www/html/store/catalog/view/theme/OPC080176/template/common/header.tpl on line 178
2015-12-15 1:01:58 - PHP Notice:  Undefined variable: children in /var/www/html/store/catalog/view/theme/OPC080176/template/common/header.tpl on line 179
2015-12-15 1:01:58 - PHP Notice:  Undefined variable: children in /var/www/html/store/catalog/view/theme/OPC080176/template/common/header.tpl on line 178
2015-12-15 1:01:58 - PHP Notice:  Undefined variable: children in /var/www/html/store/catalog/view/theme/OPC080176/template/common/header.tpl on line 179
2015-12-15 1:01:58 - PHP Notice:  Undefined variable: children in /var/www/html/store/catalog/view/theme/OPC080176/template/common/header.tpl on line 178
2015-12-15 1:01:58 - PHP Notice:  Undefined variable: children in /var/www/html/store/catalog/view/theme/OPC080176/template/common/header.tpl on line 179
2015-12-15 1:01:58 - PHP Notice:  Undefined variable: children in /var/www/html/store/catalog/view/theme/OPC080176/template/common/header.tpl on line 178
2015-12-15 1:01:58 - PHP Notice:  Undefined variable: children in /var/www/html/store/catalog/view/theme/OPC080176/template/common/header.tpl on line 179
2015-12-15 1:01:58 - PHP Notice:  Undefined variable: children in /var/www/html/store/catalog/view/theme/OPC080176/template/common/header.tpl on line 178
2015-12-15 1:01:58 - PHP Notice:  Undefined variable: children in /var/www/html/store/catalog/view/theme/OPC080176/template/common/header.tpl on line 179
2015-12-15 1:01:58 - PHP Notice:  Undefined variable: children in /var/www/html/store/catalog/view/theme/OPC080176/template/common/header.tpl on line 178
2015-12-15 1:01:58 - PHP Notice:  Undefined variable: children in /var/www/html/store/catalog/view/theme/OPC080176/template/common/header.tpl on line 179
2015-12-15 1:01:58 - PHP Notice:  Undefined variable: children in /var/www/html/store/catalog/view/theme/OPC080176/template/common/header.tpl on line 178
2015-12-15 1:01:58 - PHP Notice:  Undefined variable: children in /var/www/html/store/catalog/view/theme/OPC080176/template/common/header.tpl on line 179
2015-12-15 1:01:58 - PHP Notice:  Undefined variable: children in /var/www/html/store/catalog/view/theme/OPC080176/template/common/header.tpl on line 178
2015-12-15 1:01:58 - PHP Notice:  Undefined variable: children in /var/www/html/store/catalog/view/theme/OPC080176/template/common/header.tpl on line 179
2015-12-15 1:01:58 - PHP Notice:  Undefined variable: children in /var/www/html/store/catalog/view/theme/OPC080176/template/common/header.tpl on line 178
2015-12-15 1:01:58 - PHP Notice:  Undefined variable: children in /var/www/html/store/catalog/view/theme/OPC080176/template/common/header.tpl on line 179
2015-12-15 1:01:58 - PHP Notice:  Undefined variable: children in /var/www/html/store/catalog/view/theme/OPC080176/template/common/header.tpl on line 178
2015-12-15 1:01:58 - PHP Notice:  Undefined variable: children in /var/www/html/store/catalog/view/theme/OPC080176/template/common/header.tpl on line 179
2015-12-15 1:01:58 - PHP Notice:  Undefined variable: children in /var/www/html/store/catalog/view/theme/OPC080176/template/common/header.tpl on line 178
2015-12-15 1:01:58 - PHP Notice:  Undefined variable: children in /var/www/html/store/catalog/view/theme/OPC080176/template/common/header.tpl on line 179
2015-12-15 1:01:58 - PHP Notice:  Undefined variable: children in /var/www/html/store/catalog/view/theme/OPC080176/template/common/header.tpl on line 178
2015-12-15 1:01:58 - PHP Notice:  Undefined variable: children in /var/www/html/store/catalog/view/theme/OPC080176/template/common/header.tpl on line 179
2015-12-15 1:01:58 - PHP Notice:  Undefined variable: children in /var/www/html/store/catalog/view/theme/OPC080176/template/common/header.tpl on line 178
2015-12-15 1:01:58 - PHP Notice:  Undefined variable: children in /var/www/html/store/catalog/view/theme/OPC080176/template/common/header.tpl on line 179
2015-12-15 1:01:58 - PHP Notice:  Undefined variable: children in /var/www/html/store/catalog/view/theme/OPC080176/template/common/header.tpl on line 178
2015-12-15 1:01:58 - PHP Notice:  Undefined variable: children in /var/www/html/store/catalog/view/theme/OPC080176/template/common/header.tpl on line 179
2015-12-15 1:01:58 - PHP Notice:  Undefined variable: children in /var/www/html/store/catalog/view/theme/OPC080176/template/common/header.tpl on line 178
2015-12-15 1:01:58 - PHP Notice:  Undefined variable: children in /var/www/html/store/catalog/view/theme/OPC080176/template/common/header.tpl on line 179
2015-12-15 1:01:58 - PHP Notice:  Undefined variable: children in /var/www/html/store/catalog/view/theme/OPC080176/template/common/header.tpl on line 178
2015-12-15 1:01:58 - PHP Notice:  Undefined variable: children in /var/www/html/store/catalog/view/theme/OPC080176/template/common/header.tpl on line 179
2015-12-15 1:01:58 - PHP Notice:  Undefined variable: children in /var/www/html/store/catalog/view/theme/OPC080176/template/common/header.tpl on line 178
2015-12-15 1:01:58 - PHP Notice:  Undefined variable: children in /var/www/html/store/catalog/view/theme/OPC080176/template/common/header.tpl on line 179
2015-12-15 1:01:58 - PHP Notice:  Undefined variable: children in /var/www/html/store/catalog/view/theme/OPC080176/template/common/header.tpl on line 178
2015-12-15 1:01:58 - PHP Notice:  Undefined variable: children in /var/www/html/store/catalog/view/theme/OPC080176/template/common/header.tpl on line 179
2015-12-15 1:01:58 - PHP Notice:  Undefined variable: children in /var/www/html/store/catalog/view/theme/OPC080176/template/common/header.tpl on line 178
2015-12-15 1:01:58 - PHP Notice:  Undefined variable: children in /var/www/html/store/catalog/view/theme/OPC080176/template/common/header.tpl on line 179
2015-12-15 1:01:58 - PHP Notice:  Undefined variable: children in /var/www/html/store/catalog/view/theme/OPC080176/template/common/header.tpl on line 178
2015-12-15 1:01:58 - PHP Notice:  Undefined variable: children in /var/www/html/store/catalog/view/theme/OPC080176/template/common/header.tpl on line 179
2015-12-15 1:01:58 - PHP Notice:  Undefined variable: children in /var/www/html/store/catalog/view/theme/OPC080176/template/common/header.tpl on line 178
2015-12-15 1:01:58 - PHP Notice:  Undefined variable: children in /var/www/html/store/catalog/view/theme/OPC080176/template/common/header.tpl on line 179
2015-12-15 1:01:58 - PHP Notice:  Undefined variable: children in /var/www/html/store/catalog/view/theme/OPC080176/template/common/header.tpl on line 178
2015-12-15 1:01:58 - PHP Notice:  Undefined variable: children in /var/www/html/store/catalog/view/theme/OPC080176/template/common/header.tpl on line 179
2015-12-15 1:01:58 - PHP Notice:  Undefined variable: children in /var/www/html/store/catalog/view/theme/OPC080176/template/common/header.tpl on line 178
2015-12-15 1:01:58 - PHP Notice:  Undefined variable: children in /var/www/html/store/catalog/view/theme/OPC080176/template/common/header.tpl on line 179
2015-12-15 1:01:58 - PHP Notice:  Undefined variable: children in /var/www/html/store/catalog/view/theme/OPC080176/template/common/header.tpl on line 178
2015-12-15 1:01:58 - PHP Notice:  Undefined variable: children in /var/www/html/store/catalog/view/theme/OPC080176/template/common/header.tpl on line 179
2015-12-15 1:03:02 - PHP Notice:  Undefined index: href in /var/www/html/store/catalog/view/theme/OPC080176/template/common/header.tpl on line 178
2015-12-15 1:03:02 - PHP Notice:  Undefined index: name in /var/www/html/store/catalog/view/theme/OPC080176/template/common/header.tpl on line 179
2015-12-15 1:03:02 - PHP Notice:  Undefined index: href in /var/www/html/store/catalog/view/theme/OPC080176/template/common/header.tpl on line 178
2015-12-15 1:03:02 - PHP Notice:  Undefined index: name in /var/www/html/store/catalog/view/theme/OPC080176/template/common/header.tpl on line 179
2015-12-15 1:03:02 - PHP Notice:  Undefined index: href in /var/www/html/store/catalog/view/theme/OPC080176/template/common/header.tpl on line 178
2015-12-15 1:03:02 - PHP Notice:  Undefined index: name in /var/www/html/store/catalog/view/theme/OPC080176/template/common/header.tpl on line 179
2015-12-15 1:03:02 - PHP Notice:  Undefined index: href in /var/www/html/store/catalog/view/theme/OPC080176/template/common/header.tpl on line 178
2015-12-15 1:03:02 - PHP Notice:  Undefined index: name in /var/www/html/store/catalog/view/theme/OPC080176/template/common/header.tpl on line 179
2015-12-15 1:03:02 - PHP Notice:  Undefined index: href in /var/www/html/store/catalog/view/theme/OPC080176/template/common/header.tpl on line 178
2015-12-15 1:03:02 - PHP Notice:  Undefined index: name in /var/www/html/store/catalog/view/theme/OPC080176/template/common/header.tpl on line 179
2015-12-15 1:03:02 - PHP Notice:  Undefined index: href in /var/www/html/store/catalog/view/theme/OPC080176/template/common/header.tpl on line 178
2015-12-15 1:03:02 - PHP Notice:  Undefined index: name in /var/www/html/store/catalog/view/theme/OPC080176/template/common/header.tpl on line 179
2015-12-15 1:03:02 - PHP Notice:  Undefined index: href in /var/www/html/store/catalog/view/theme/OPC080176/template/common/header.tpl on line 178
2015-12-15 1:03:02 - PHP Notice:  Undefined index: name in /var/www/html/store/catalog/view/theme/OPC080176/template/common/header.tpl on line 179
2015-12-15 1:03:02 - PHP Notice:  Undefined index: href in /var/www/html/store/catalog/view/theme/OPC080176/template/common/header.tpl on line 178
2015-12-15 1:03:02 - PHP Notice:  Undefined index: name in /var/www/html/store/catalog/view/theme/OPC080176/template/common/header.tpl on line 179
2015-12-15 1:03:02 - PHP Notice:  Undefined index: href in /var/www/html/store/catalog/view/theme/OPC080176/template/common/header.tpl on line 178
2015-12-15 1:03:02 - PHP Notice:  Undefined index: name in /var/www/html/store/catalog/view/theme/OPC080176/template/common/header.tpl on line 179
2015-12-15 1:03:02 - PHP Notice:  Undefined index: href in /var/www/html/store/catalog/view/theme/OPC080176/template/common/header.tpl on line 178
2015-12-15 1:03:02 - PHP Notice:  Undefined index: name in /var/www/html/store/catalog/view/theme/OPC080176/template/common/header.tpl on line 179
2015-12-15 1:03:02 - PHP Notice:  Undefined index: href in /var/www/html/store/catalog/view/theme/OPC080176/template/common/header.tpl on line 178
2015-12-15 1:03:02 - PHP Notice:  Undefined index: name in /var/www/html/store/catalog/view/theme/OPC080176/template/common/header.tpl on line 179
2015-12-15 1:03:02 - PHP Notice:  Undefined index: href in /var/www/html/store/catalog/view/theme/OPC080176/template/common/header.tpl on line 178
2015-12-15 1:03:02 - PHP Notice:  Undefined index: name in /var/www/html/store/catalog/view/theme/OPC080176/template/common/header.tpl on line 179
2015-12-15 1:03:02 - PHP Notice:  Undefined index: href in /var/www/html/store/catalog/view/theme/OPC080176/template/common/header.tpl on line 178
2015-12-15 1:03:02 - PHP Notice:  Undefined index: name in /var/www/html/store/catalog/view/theme/OPC080176/template/common/header.tpl on line 179
2015-12-15 1:03:02 - PHP Notice:  Undefined index: href in /var/www/html/store/catalog/view/theme/OPC080176/template/common/header.tpl on line 178
2015-12-15 1:03:02 - PHP Notice:  Undefined index: name in /var/www/html/store/catalog/view/theme/OPC080176/template/common/header.tpl on line 179
2015-12-15 1:03:02 - PHP Notice:  Undefined index: href in /var/www/html/store/catalog/view/theme/OPC080176/template/common/header.tpl on line 178
2015-12-15 1:03:02 - PHP Notice:  Undefined index: name in /var/www/html/store/catalog/view/theme/OPC080176/template/common/header.tpl on line 179
2015-12-15 1:03:02 - PHP Notice:  Undefined index: href in /var/www/html/store/catalog/view/theme/OPC080176/template/common/header.tpl on line 178
2015-12-15 1:03:02 - PHP Notice:  Undefined index: name in /var/www/html/store/catalog/view/theme/OPC080176/template/common/header.tpl on line 179
2015-12-15 1:03:02 - PHP Notice:  Undefined index: href in /var/www/html/store/catalog/view/theme/OPC080176/template/common/header.tpl on line 178
2015-12-15 1:03:02 - PHP Notice:  Undefined index: name in /var/www/html/store/catalog/view/theme/OPC080176/template/common/header.tpl on line 179
2015-12-15 1:03:02 - PHP Notice:  Undefined index: href in /var/www/html/store/catalog/view/theme/OPC080176/template/common/header.tpl on line 178
2015-12-15 1:03:02 - PHP Notice:  Undefined index: name in /var/www/html/store/catalog/view/theme/OPC080176/template/common/header.tpl on line 179
2015-12-15 1:03:02 - PHP Notice:  Undefined index: href in /var/www/html/store/catalog/view/theme/OPC080176/template/common/header.tpl on line 178
2015-12-15 1:03:02 - PHP Notice:  Undefined index: name in /var/www/html/store/catalog/view/theme/OPC080176/template/common/header.tpl on line 179
2015-12-15 1:03:02 - PHP Notice:  Undefined index: href in /var/www/html/store/catalog/view/theme/OPC080176/template/common/header.tpl on line 178
2015-12-15 1:03:02 - PHP Notice:  Undefined index: name in /var/www/html/store/catalog/view/theme/OPC080176/template/common/header.tpl on line 179
2015-12-15 1:03:02 - PHP Notice:  Undefined index: href in /var/www/html/store/catalog/view/theme/OPC080176/template/common/header.tpl on line 178
2015-12-15 1:03:02 - PHP Notice:  Undefined index: name in /var/www/html/store/catalog/view/theme/OPC080176/template/common/header.tpl on line 179
2015-12-15 1:03:02 - PHP Notice:  Undefined index: href in /var/www/html/store/catalog/view/theme/OPC080176/template/common/header.tpl on line 178
2015-12-15 1:03:02 - PHP Notice:  Undefined index: name in /var/www/html/store/catalog/view/theme/OPC080176/template/common/header.tpl on line 179
2015-12-15 1:03:02 - PHP Notice:  Undefined index: href in /var/www/html/store/catalog/view/theme/OPC080176/template/common/header.tpl on line 178
2015-12-15 1:03:02 - PHP Notice:  Undefined index: name in /var/www/html/store/catalog/view/theme/OPC080176/template/common/header.tpl on line 179
2015-12-15 1:03:02 - PHP Notice:  Undefined index: href in /var/www/html/store/catalog/view/theme/OPC080176/template/common/header.tpl on line 178
2015-12-15 1:03:02 - PHP Notice:  Undefined index: name in /var/www/html/store/catalog/view/theme/OPC080176/template/common/header.tpl on line 179
2015-12-15 1:03:02 - PHP Notice:  Undefined index: href in /var/www/html/store/catalog/view/theme/OPC080176/template/common/header.tpl on line 178
2015-12-15 1:03:02 - PHP Notice:  Undefined index: name in /var/www/html/store/catalog/view/theme/OPC080176/template/common/header.tpl on line 179
2015-12-15 1:03:02 - PHP Notice:  Undefined index: href in /var/www/html/store/catalog/view/theme/OPC080176/template/common/header.tpl on line 178
2015-12-15 1:03:02 - PHP Notice:  Undefined index: name in /var/www/html/store/catalog/view/theme/OPC080176/template/common/header.tpl on line 179
